23:26:49.717 [TestNG-tests-1] INFO  testCases.TC001_AccountRegistrationTest.verify_account_registration(TC001_AccountRegistrationTest.java:30)oggger - providing customer details.....
23:26:51.723 [TestNG-tests-1] INFO  testCases.TC001_AccountRegistrationTest.verify_account_registration(TC001_AccountRegistrationTest.java:44)oggger - Validating expected message..
23:26:51.797 [TestNG-tests-1] INFO  testCases.TC001_AccountRegistrationTest.verify_account_registration(TC001_AccountRegistrationTest.java:66)oggger - ***** Finished TC001_AccountRegistrationTest extends BaseClass  *****
23:27:20.511 [TestNG-tests-2] INFO  testCases.TC001_AccountRegistrationTest.verify_account_registration(TC001_AccountRegistrationTest.java:17)oggger - ***** Starting TC001_AccountRegistrationTest extends BaseClass  *****
23:27:20.664 [TestNG-tests-2] INFO  testCases.TC001_AccountRegistrationTest.verify_account_registration(TC001_AccountRegistrationTest.java:22)oggger - Clicked on MyAccount Link
23:27:21.261 [TestNG-tests-2] INFO  testCases.TC001_AccountRegistrationTest.verify_account_registration(TC001_AccountRegistrationTest.java:25)oggger - Clicked on Register Link
23:27:21.262 [TestNG-tests-2] INFO  testCases.TC001_AccountRegistrationTest.verify_account_registration(TC001_AccountRegistrationTest.java:30)oggger - providing customer details.....
23:27:23.225 [TestNG-tests-2] INFO  testCases.TC001_AccountRegistrationTest.verify_account_registration(TC001_AccountRegistrationTest.java:44)oggger - Validating expected message..
23:27:23.279 [TestNG-tests-2] INFO  testCases.TC001_AccountRegistrationTest.verify_account_registration(TC001_AccountRegistrationTest.java:66)oggger - ***** Finished TC001_AccountRegistrationTest extends BaseClass  *****
09:42:29.741 [main] INFO  org.testng.log4testng.Logger.info(Logger.java:112)oggger - [TestNG] Running:
  C:\workpaces\automation-workspace\Opencart121\crossbrowsertesting.xml

09:42:31.849 [TestNG-tests-3] INFO  testCases.TC001_AccountRegistrationTest.verify_account_registration(TC001_AccountRegistrationTest.java:17)oggger - ***** Starting TC001_AccountRegistrationTest extends BaseClass  *****
09:42:31.946 [TestNG-tests-3] INFO  testCases.TC001_AccountRegistrationTest.verify_account_registration(TC001_AccountRegistrationTest.java:66)oggger - ***** Finished TC001_AccountRegistrationTest extends BaseClass  *****
09:43:33.758 [TestNG-tests-2] INFO  testCases.TC001_AccountRegistrationTest.verify_account_registration(TC001_AccountRegistrationTest.java:17)oggger - ***** Starting TC001_AccountRegistrationTest extends BaseClass  *****
09:43:33.891 [TestNG-tests-1] INFO  testCases.TC001_AccountRegistrationTest.verify_account_registration(TC001_AccountRegistrationTest.java:17)oggger - ***** Starting TC001_AccountRegistrationTest extends BaseClass  *****
09:43:34.425 [TestNG-tests-2] INFO  testCases.TC001_AccountRegistrationTest.verify_account_registration(TC001_AccountRegistrationTest.java:22)oggger - Clicked on MyAccount Link
09:43:34.666 [TestNG-tests-1] INFO  testCases.TC001_AccountRegistrationTest.verify_account_registration(TC001_AccountRegistrationTest.java:22)oggger - Clicked on MyAccount Link
09:43:45.115 [TestNG-tests-2] INFO  testCases.TC001_AccountRegistrationTest.verify_account_registration(TC001_AccountRegistrationTest.java:66)oggger - ***** Finished TC001_AccountRegistrationTest extends BaseClass  *****
09:43:55.219 [TestNG-tests-1] INFO  testCases.TC001_AccountRegistrationTest.verify_account_registration(TC001_AccountRegistrationTest.java:66)oggger - ***** Finished TC001_AccountRegistrationTest extends BaseClass  *****
15:11:13.062 [main] INFO  org.testng.log4testng.Logger.info(Logger.java:112)oggger - [TestNG] Running:
  C:\workpaces\automation-workspace\Opencart121\grid-docker.xml

15:11:14.163 [main] INFO  testCases.TC001_AccountRegistrationTest.verify_account_registration(TC001_AccountRegistrationTest.java:17)oggger - ***** Starting TC001_AccountRegistrationTest extends BaseClass  *****
15:11:14.354 [main] INFO  testCases.TC001_AccountRegistrationTest.verify_account_registration(TC001_AccountRegistrationTest.java:66)oggger - ***** Finished TC001_AccountRegistrationTest extends BaseClass  *****
15:39:43.561 [main] INFO  org.testng.log4testng.Logger.info(Logger.java:112)oggger - [TestNG] Running:
  C:\workpaces\automation-workspace\Opencart121\grid-docker.xml

15:39:44.316 [main] INFO  testCases.TC001_AccountRegistrationTest.verify_account_registration(TC001_AccountRegistrationTest.java:17)oggger - ***** Starting TC001_AccountRegistrationTest extends BaseClass  *****
15:39:44.365 [main] INFO  testCases.TC001_AccountRegistrationTest.verify_account_registration(TC001_AccountRegistrationTest.java:66)oggger - ***** Finished TC001_AccountRegistrationTest extends BaseClass  *****
15:47:20.823 [main] INFO  org.testng.log4testng.Logger.info(Logger.java:112)oggger - [TestNG] Running:
  C:\workpaces\automation-workspace\Opencart121\grid-docker.xml

15:48:23.756 [main] INFO  testCases.TC001_AccountRegistrationTest.verify_account_registration(TC001_AccountRegistrationTest.java:17)oggger - ***** Starting TC001_AccountRegistrationTest extends BaseClass  *****
